<?xml version="1.0" encoding="UTF-8"?>
<!-- Generated by org.testng.reporters.JUnitXMLReporter -->
<testsuite hostname="TNT06000091" name="FunctionalityTest" tests="49" failures="5" timestamp="14 Aug 2018 20:49:16 GMT" time="1708.544" errors="0">
  <testcase name="addNewBranch" time="32.812" classname="com.myproject.automationframework.tests.EntitiesBranchTest"/>
  <testcase name="addNewBranch" time="32.769" classname="com.myproject.automationframework.tests.EntitiesBranchTest"/>
  <testcase name="addNewBranch" time="32.712" classname="com.myproject.automationframework.tests.EntitiesBranchTest"/>
  <testcase name="addNewBranch" time="33.259" classname="com.myproject.automationframework.tests.EntitiesBranchTest"/>
  <testcase name="addNewBranch" time="32.648" classname="com.myproject.automationframework.tests.EntitiesBranchTest"/>
  <testcase name="addNewBranch" time="32.624" classname="com.myproject.automationframework.tests.EntitiesBranchTest"/>
  <testcase name="addNewBranch" time="33.086" classname="com.myproject.automationframework.tests.EntitiesBranchTest"/>
  <testcase name="addNewBranch" time="32.516" classname="com.myproject.automationframework.tests.EntitiesBranchTest"/>
  <testcase name="addNewBranch" time="32.723" classname="com.myproject.automationframework.tests.EntitiesBranchTest"/>
  <testcase name="addNewBranch" time="33.679" classname="com.myproject.automationframework.tests.EntitiesBranchTest"/>
  <testcase name="addNewBranch" time="32.773" classname="com.myproject.automationframework.tests.EntitiesBranchTest"/>
  <testcase name="addNewBranch" time="33.953" classname="com.myproject.automationframework.tests.EntitiesBranchTest"/>
  <testcase name="addNewBranch" time="32.49" classname="com.myproject.automationframework.tests.EntitiesBranchTest"/>
  <testcase name="addNewBranch" time="33.016" classname="com.myproject.automationframework.tests.EntitiesBranchTest"/>
  <testcase name="addNewBranch" time="32.818" classname="com.myproject.automationframework.tests.EntitiesBranchTest"/>
  <testcase name="deleteBranchDetails" time="31.995" classname="com.myproject.automationframework.tests.EntitiesBranchTest"/>
  <testcase name="editBranchDetails" time="19.205" classname="com.myproject.automationframework.tests.EntitiesBranchTest">
    <failure type="java.lang.AssertionError" message="Requested record is not present in the list">
      <![CDATA[java.lang.AssertionError: Requested record is not present in the list
	at com.myproject.automationframework.utilities.Actions.HardAssertFail(Actions.java:126)
	at com.myproject.automationframework.utilities.Actions.clickEditButton(Actions.java:312)
	at com.myproject.automationframework.pageobjects.EntitiesBranchPage.editBranchDetails(EntitiesBranchPage.java:87)
	at com.myproject.automationframework.tests.EntitiesBranchTest.editBranchDetails(EntitiesBranchTest.java:62)
... Removed 25 stack frames]]>
    </failure>
  </testcase> <!-- editBranchDetails -->
  <testcase name="editBranchDetails" time="33.832" classname="com.myproject.automationframework.tests.EntitiesBranchTest"/>
  <testcase name="searchBranchesAndConfirm" time="24.806" classname="com.myproject.automationframework.tests.EntitiesBranchTest"/>
  <testcase name="searchBranchesAndConfirm" time="25.286" classname="com.myproject.automationframework.tests.EntitiesBranchTest"/>
  <testcase name="viewBranchesAndConfirm" time="26.607" classname="com.myproject.automationframework.tests.EntitiesBranchTest"/>
  <testcase name="viewBranchesAndConfirm" time="24.97" classname="com.myproject.automationframework.tests.EntitiesBranchTest"/>
  <testcase name="viewBranchesAndConfirm" time="23.923" classname="com.myproject.automationframework.tests.EntitiesBranchTest"/>
  <testcase name="addNewStaff" time="48.74" classname="com.myproject.automationframework.tests.EntitiesStaffTest">
    <failure type="java.lang.AssertionError" message="New Staff Branch dropdowndoes not have the provided value ">
      <![CDATA[java.lang.AssertionError: New Staff Branch dropdowndoes not have the provided value 
	at com.myproject.automationframework.utilities.Actions.HardAssertFail(Actions.java:126)
	at com.myproject.automationframework.utilities.Actions.SelectByText(Actions.java:191)
	at com.myproject.automationframework.pageobjects.EntitiesStaffPage.createNewStaffDetails(EntitiesStaffPage.java:34)
	at com.myproject.automationframework.tests.EntitiesStaffTest.addNewStaff(EntitiesStaffTest.java:30)
... Removed 25 stack frames]]>
    </failure>
  </testcase> <!-- addNewStaff -->
  <testcase name="addNewStaff" time="30.918" classname="com.myproject.automationframework.tests.EntitiesStaffTest"/>
  <testcase name="addNewStaff" time="30.713" classname="com.myproject.automationframework.tests.EntitiesStaffTest"/>
  <testcase name="addNewStaff" time="30.992" classname="com.myproject.automationframework.tests.EntitiesStaffTest"/>
  <testcase name="addNewStaff" time="30.951" classname="com.myproject.automationframework.tests.EntitiesStaffTest"/>
  <testcase name="addNewStaff" time="31.209" classname="com.myproject.automationframework.tests.EntitiesStaffTest"/>
  <testcase name="addNewStaff" time="30.803" classname="com.myproject.automationframework.tests.EntitiesStaffTest"/>
  <testcase name="addNewStaff" time="31.029" classname="com.myproject.automationframework.tests.EntitiesStaffTest"/>
  <testcase name="addNewStaff" time="31.116" classname="com.myproject.automationframework.tests.EntitiesStaffTest"/>
  <testcase name="addNewStaff" time="31.075" classname="com.myproject.automationframework.tests.EntitiesStaffTest"/>
  <testcase name="addNewStaff" time="30.626" classname="com.myproject.automationframework.tests.EntitiesStaffTest"/>
  <testcase name="addNewStaff" time="30.779" classname="com.myproject.automationframework.tests.EntitiesStaffTest"/>
  <testcase name="addNewStaff" time="30.95" classname="com.myproject.automationframework.tests.EntitiesStaffTest"/>
  <testcase name="addNewStaff" time="31.271" classname="com.myproject.automationframework.tests.EntitiesStaffTest"/>
  <testcase name="addNewStaff" time="30.601" classname="com.myproject.automationframework.tests.EntitiesStaffTest"/>
  <testcase name="deleteStaffDetails" time="30.342" classname="com.myproject.automationframework.tests.EntitiesStaffTest"/>
  <testcase name="editStaffDetails" time="31.585" classname="com.myproject.automationframework.tests.EntitiesStaffTest"/>
  <testcase name="editStaffDetails" time="31.568" classname="com.myproject.automationframework.tests.EntitiesStaffTest"/>
  <testcase name="searchStaffAndConfirm" time="23.945" classname="com.myproject.automationframework.tests.EntitiesStaffTest"/>
  <testcase name="searchStaffAndConfirm" time="38.997" classname="com.myproject.automationframework.tests.EntitiesStaffTest"/>
  <testcase name="viewStaffDetails" time="18.544" classname="com.myproject.automationframework.tests.EntitiesStaffTest">
    <failure type="java.lang.AssertionError" message="Requested record is not present in the list">
      <![CDATA[java.lang.AssertionError: Requested record is not present in the list
	at com.myproject.automationframework.utilities.Actions.HardAssertFail(Actions.java:126)
	at com.myproject.automationframework.utilities.Actions.clickViewButton(Actions.java:286)
	at com.myproject.automationframework.pageobjects.EntitiesStaffPage.viewStaffDetailsandConfirm(EntitiesStaffPage.java:65)
	at com.myproject.automationframework.tests.EntitiesStaffTest.viewStaffDetails(EntitiesStaffTest.java:98)
... Removed 25 stack frames]]>
    </failure>
  </testcase> <!-- viewStaffDetails -->
  <testcase name="viewStaffDetails" time="32.207" classname="com.myproject.automationframework.tests.EntitiesStaffTest"/>
  <testcase name="viewStaffDetails" time="32.092" classname="com.myproject.automationframework.tests.EntitiesStaffTest"/>
  <testcase name="verifyLoginLogoutUserDeatils" time="19.737" classname="com.myproject.automationframework.tests.LoginUserDetailsTest"/>
  <testcase name="newUserRegistration" time="3.255" classname="com.myproject.automationframework.tests.NewRegistrationTest">
    <failure type="java.lang.AssertionError" message="New User Registration has Failed">
      <![CDATA[java.lang.AssertionError: New User Registration has Failed
	at com.myproject.automationframework.utilities.Actions.HardAssertFail(Actions.java:126)
	at com.myproject.automationframework.pageobjects.RegistrationPage.EnterAuthenticationDetails(RegistrationPage.java:34)
	at com.myproject.automationframework.tests.NewRegistrationTest.newUserRegistration(NewRegistrationTest.java:19)
... Removed 25 stack frames]]>
    </failure>
  </testcase> <!-- newUserRegistration -->
  <testcase name="newUserRegistration" time="3.059" classname="com.myproject.automationframework.tests.NewRegistrationTest">
    <failure type="java.lang.AssertionError" message="New User Registration has Failed">
      <![CDATA[java.lang.AssertionError: New User Registration has Failed
	at com.myproject.automationframework.utilities.Actions.HardAssertFail(Actions.java:126)
	at com.myproject.automationframework.pageobjects.RegistrationPage.EnterAuthenticationDetails(RegistrationPage.java:34)
	at com.myproject.automationframework.tests.NewRegistrationTest.newUserRegistration(NewRegistrationTest.java:19)
... Removed 25 stack frames]]>
    </failure>
  </testcase> <!-- newUserRegistration -->
</testsuite> <!-- FunctionalityTest -->
