<?xml version="1.0" encoding="UTF-8"?>
<!-- Generated by org.testng.reporters.JUnitReportReporter -->
<testsuite hostname="TNT06000091" name="com.myproject.automationframework.tests.EntitiesStaffTest" tests="23" failures="2" timestamp="14 Aug 2018 20:49:17 GMT" time="832.164" errors="0">
  <testcase name="editStaffDetails" time="35.712" classname="com.myproject.automationframework.tests.EntitiesStaffTest"/>
  <testcase name="viewStaffDetails" time="36.141" classname="com.myproject.automationframework.tests.EntitiesStaffTest"/>
  <testcase name="addNewStaff" time="35.011" classname="com.myproject.automationframework.tests.EntitiesStaffTest"/>
  <testcase name="addNewStaff" time="35.866" classname="com.myproject.automationframework.tests.EntitiesStaffTest"/>
  <testcase name="searchStaffAndConfirm" time="43.009" classname="com.myproject.automationframework.tests.EntitiesStaffTest"/>
  <testcase name="editStaffDetails" time="36.143" classname="com.myproject.automationframework.tests.EntitiesStaffTest"/>
  <testcase name="addNewStaff" time="36.983" classname="com.myproject.automationframework.tests.EntitiesStaffTest"/>
  <testcase name="addNewStaff" time="35.651" classname="com.myproject.automationframework.tests.EntitiesStaffTest"/>
  <testcase name="addNewStaff" time="36.686" classname="com.myproject.automationframework.tests.EntitiesStaffTest"/>
  <testcase name="addNewStaff" time="52.458" classname="com.myproject.automationframework.tests.EntitiesStaffTest">
    <failure type="java.lang.AssertionError" message="New Staff Branch dropdowndoes not have the provided value ">
      <![CDATA[java.lang.AssertionError: New Staff Branch dropdowndoes not have the provided value 
	at org.testng.Assert.fail(Assert.java:94)
	at com.myproject.automationframework.utilities.Actions.HardAssertFail(Actions.java:126)
	at com.myproject.automationframework.utilities.Actions.SelectByText(Actions.java:191)
	at com.myproject.automationframework.pageobjects.EntitiesStaffPage.createNewStaffDetails(EntitiesStaffPage.java:34)
	at com.myproject.automationframework.tests.EntitiesStaffTest.addNewStaff(EntitiesStaffTest.java:30)
	at sun.reflect.NativeMethodAccessorImpl.invoke0(Native Method)
	at sun.reflect.NativeMethodAccessorImpl.invoke(NativeMethodAccessorImpl.java:62)
	at sun.reflect.DelegatingMethodAccessorImpl.invoke(DelegatingMethodAccessorImpl.java:43)
	at java.lang.reflect.Method.invoke(Method.java:498)
	at org.testng.internal.MethodInvocationHelper.invokeMethod(MethodInvocationHelper.java:85)
	at org.testng.internal.Invoker.invokeMethod(Invoker.java:639)
	at org.testng.internal.Invoker.invokeTestMethod(Invoker.java:816)
	at org.testng.internal.Invoker.invokeTestMethods(Invoker.java:1124)
	at org.testng.internal.TestMethodWorker.invokeTestMethods(TestMethodWorker.java:125)
	at org.testng.internal.TestMethodWorker.run(TestMethodWorker.java:108)
	at org.testng.TestRunner.privateRun(TestRunner.java:774)
	at org.testng.TestRunner.run(TestRunner.java:624)
	at org.testng.SuiteRunner.runTest(SuiteRunner.java:359)
	at org.testng.SuiteRunner.runSequentially(SuiteRunner.java:354)
	at org.testng.SuiteRunner.privateRun(SuiteRunner.java:312)
	at org.testng.SuiteRunner.run(SuiteRunner.java:261)
	at org.testng.SuiteRunnerWorker.runSuite(SuiteRunnerWorker.java:52)
	at org.testng.SuiteRunnerWorker.run(SuiteRunnerWorker.java:86)
	at org.testng.TestNG.runSuitesSequentially(TestNG.java:1215)
	at org.testng.TestNG.runSuitesLocally(TestNG.java:1140)
	at org.testng.TestNG.run(TestNG.java:1048)
	at org.testng.remote.AbstractRemoteTestNG.run(AbstractRemoteTestNG.java:114)
	at org.testng.remote.RemoteTestNG.initAndRun(RemoteTestNG.java:251)
	at org.testng.remote.RemoteTestNG.main(RemoteTestNG.java:77)
]]>
    </failure>
  </testcase> <!-- addNewStaff -->
  <testcase name="addNewStaff" time="34.793" classname="com.myproject.automationframework.tests.EntitiesStaffTest"/>
  <testcase name="addNewStaff" time="36.966" classname="com.myproject.automationframework.tests.EntitiesStaffTest"/>
  <testcase name="addNewStaff" time="36.482" classname="com.myproject.automationframework.tests.EntitiesStaffTest"/>
  <testcase name="viewStaffDetails" time="36.284" classname="com.myproject.automationframework.tests.EntitiesStaffTest"/>
  <testcase name="addNewStaff" time="35.150" classname="com.myproject.automationframework.tests.EntitiesStaffTest"/>
  <testcase name="deleteStaffDetails" time="34.424" classname="com.myproject.automationframework.tests.EntitiesStaffTest"/>
  <testcase name="addNewStaff" time="34.937" classname="com.myproject.automationframework.tests.EntitiesStaffTest"/>
  <testcase name="addNewStaff" time="36.714" classname="com.myproject.automationframework.tests.EntitiesStaffTest"/>
  <testcase name="viewStaffDetails" time="22.858" classname="com.myproject.automationframework.tests.EntitiesStaffTest">
    <failure type="java.lang.AssertionError" message="Requested record is not present in the list">
      <![CDATA[java.lang.AssertionError: Requested record is not present in the list
	at org.testng.Assert.fail(Assert.java:94)
	at com.myproject.automationframework.utilities.Actions.HardAssertFail(Actions.java:126)
	at com.myproject.automationframework.utilities.Actions.clickViewButton(Actions.java:286)
	at com.myproject.automationframework.pageobjects.EntitiesStaffPage.viewStaffDetailsandConfirm(EntitiesStaffPage.java:65)
	at com.myproject.automationframework.tests.EntitiesStaffTest.viewStaffDetails(EntitiesStaffTest.java:98)
	at sun.reflect.NativeMethodAccessorImpl.invoke0(Native Method)
	at sun.reflect.NativeMethodAccessorImpl.invoke(NativeMethodAccessorImpl.java:62)
	at sun.reflect.DelegatingMethodAccessorImpl.invoke(DelegatingMethodAccessorImpl.java:43)
	at java.lang.reflect.Method.invoke(Method.java:498)
	at org.testng.internal.MethodInvocationHelper.invokeMethod(MethodInvocationHelper.java:85)
	at org.testng.internal.Invoker.invokeMethod(Invoker.java:639)
	at org.testng.internal.Invoker.invokeTestMethod(Invoker.java:816)
	at org.testng.internal.Invoker.invokeTestMethods(Invoker.java:1124)
	at org.testng.internal.TestMethodWorker.invokeTestMethods(TestMethodWorker.java:125)
	at org.testng.internal.TestMethodWorker.run(TestMethodWorker.java:108)
	at org.testng.TestRunner.privateRun(TestRunner.java:774)
	at org.testng.TestRunner.run(TestRunner.java:624)
	at org.testng.SuiteRunner.runTest(SuiteRunner.java:359)
	at org.testng.SuiteRunner.runSequentially(SuiteRunner.java:354)
	at org.testng.SuiteRunner.privateRun(SuiteRunner.java:312)
	at org.testng.SuiteRunner.run(SuiteRunner.java:261)
	at org.testng.SuiteRunnerWorker.runSuite(SuiteRunnerWorker.java:52)
	at org.testng.SuiteRunnerWorker.run(SuiteRunnerWorker.java:86)
	at org.testng.TestNG.runSuitesSequentially(TestNG.java:1215)
	at org.testng.TestNG.runSuitesLocally(TestNG.java:1140)
	at org.testng.TestNG.run(TestNG.java:1048)
	at org.testng.remote.AbstractRemoteTestNG.run(AbstractRemoteTestNG.java:114)
	at org.testng.remote.RemoteTestNG.initAndRun(RemoteTestNG.java:251)
	at org.testng.remote.RemoteTestNG.main(RemoteTestNG.java:77)
]]>
    </failure>
  </testcase> <!-- viewStaffDetails -->
  <testcase name="addNewStaff" time="35.456" classname="com.myproject.automationframework.tests.EntitiesStaffTest"/>
  <testcase name="searchStaffAndConfirm" time="30.535" classname="com.myproject.automationframework.tests.EntitiesStaffTest"/>
  <testcase name="addNewStaff" time="37.099" classname="com.myproject.automationframework.tests.EntitiesStaffTest"/>
  <testcase name="addNewStaff" time="36.806" classname="com.myproject.automationframework.tests.EntitiesStaffTest"/>
</testsuite> <!-- com.myproject.automationframework.tests.EntitiesStaffTest -->
