<?xml version="1.0" encoding="UTF-8"?>
<!-- Generated by org.testng.reporters.JUnitReportReporter -->
<testsuite hostname="TNT06000091" name="com.myproject.automationframework.tests.EntitiesBranchTest" tests="23" failures="1" timestamp="14 Aug 2018 20:49:17 GMT" time="832.387" errors="0">
  <testcase name="viewBranchesAndConfirm" time="28.099" classname="com.myproject.automationframework.tests.EntitiesBranchTest"/>
  <testcase name="addNewBranch" time="37.829" classname="com.myproject.automationframework.tests.EntitiesBranchTest"/>
  <testcase name="addNewBranch" time="39.684" classname="com.myproject.automationframework.tests.EntitiesBranchTest"/>
  <testcase name="searchBranchesAndConfirm" time="32.184" classname="com.myproject.automationframework.tests.EntitiesBranchTest"/>
  <testcase name="editBranchDetails" time="41.029" classname="com.myproject.automationframework.tests.EntitiesBranchTest"/>
  <testcase name="addNewBranch" time="39.000" classname="com.myproject.automationframework.tests.EntitiesBranchTest"/>
  <testcase name="addNewBranch" time="36.903" classname="com.myproject.automationframework.tests.EntitiesBranchTest"/>
  <testcase name="addNewBranch" time="38.614" classname="com.myproject.automationframework.tests.EntitiesBranchTest"/>
  <testcase name="viewBranchesAndConfirm" time="31.975" classname="com.myproject.automationframework.tests.EntitiesBranchTest"/>
  <testcase name="deleteBranchDetails" time="37.003" classname="com.myproject.automationframework.tests.EntitiesBranchTest"/>
  <testcase name="viewBranchesAndConfirm" time="29.797" classname="com.myproject.automationframework.tests.EntitiesBranchTest"/>
  <testcase name="addNewBranch" time="37.304" classname="com.myproject.automationframework.tests.EntitiesBranchTest"/>
  <testcase name="addNewBranch" time="39.658" classname="com.myproject.automationframework.tests.EntitiesBranchTest"/>
  <testcase name="addNewBranch" time="36.571" classname="com.myproject.automationframework.tests.EntitiesBranchTest"/>
  <testcase name="addNewBranch" time="37.158" classname="com.myproject.automationframework.tests.EntitiesBranchTest"/>
  <testcase name="addNewBranch" time="38.107" classname="com.myproject.automationframework.tests.EntitiesBranchTest"/>
  <testcase name="searchBranchesAndConfirm" time="31.091" classname="com.myproject.automationframework.tests.EntitiesBranchTest"/>
  <testcase name="addNewBranch" time="37.595" classname="com.myproject.automationframework.tests.EntitiesBranchTest"/>
  <testcase name="addNewBranch" time="37.578" classname="com.myproject.automationframework.tests.EntitiesBranchTest"/>
  <testcase name="addNewBranch" time="41.531" classname="com.myproject.automationframework.tests.EntitiesBranchTest"/>
  <testcase name="addNewBranch" time="39.258" classname="com.myproject.automationframework.tests.EntitiesBranchTest"/>
  <testcase name="addNewBranch" time="40.816" classname="com.myproject.automationframework.tests.EntitiesBranchTest"/>
  <testcase name="editBranchDetails" time="23.603" classname="com.myproject.automationframework.tests.EntitiesBranchTest">
    <failure type="java.lang.AssertionError" message="Requested record is not present in the list">
      <![CDATA[java.lang.AssertionError: Requested record is not present in the list
	at org.testng.Assert.fail(Assert.java:94)
	at com.myproject.automationframework.utilities.Actions.HardAssertFail(Actions.java:126)
	at com.myproject.automationframework.utilities.Actions.clickEditButton(Actions.java:312)
	at com.myproject.automationframework.pageobjects.EntitiesBranchPage.editBranchDetails(EntitiesBranchPage.java:87)
	at com.myproject.automationframework.tests.EntitiesBranchTest.editBranchDetails(EntitiesBranchTest.java:62)
	at sun.reflect.NativeMethodAccessorImpl.invoke0(Native Method)
	at sun.reflect.NativeMethodAccessorImpl.invoke(NativeMethodAccessorImpl.java:62)
	at sun.reflect.DelegatingMethodAccessorImpl.invoke(DelegatingMethodAccessorImpl.java:43)
	at java.lang.reflect.Method.invoke(Method.java:498)
	at org.testng.internal.MethodInvocationHelper.invokeMethod(MethodInvocationHelper.java:85)
	at org.testng.internal.Invoker.invokeMethod(Invoker.java:639)
	at org.testng.internal.Invoker.invokeTestMethod(Invoker.java:816)
	at org.testng.internal.Invoker.invokeTestMethods(Invoker.java:1124)
	at org.testng.internal.TestMethodWorker.invokeTestMethods(TestMethodWorker.java:125)
	at org.testng.internal.TestMethodWorker.run(TestMethodWorker.java:108)
	at org.testng.TestRunner.privateRun(TestRunner.java:774)
	at org.testng.TestRunner.run(TestRunner.java:624)
	at org.testng.SuiteRunner.runTest(SuiteRunner.java:359)
	at org.testng.SuiteRunner.runSequentially(SuiteRunner.java:354)
	at org.testng.SuiteRunner.privateRun(SuiteRunner.java:312)
	at org.testng.SuiteRunner.run(SuiteRunner.java:261)
	at org.testng.SuiteRunnerWorker.runSuite(SuiteRunnerWorker.java:52)
	at org.testng.SuiteRunnerWorker.run(SuiteRunnerWorker.java:86)
	at org.testng.TestNG.runSuitesSequentially(TestNG.java:1215)
	at org.testng.TestNG.runSuitesLocally(TestNG.java:1140)
	at org.testng.TestNG.run(TestNG.java:1048)
	at org.testng.remote.AbstractRemoteTestNG.run(AbstractRemoteTestNG.java:114)
	at org.testng.remote.RemoteTestNG.initAndRun(RemoteTestNG.java:251)
	at org.testng.remote.RemoteTestNG.main(RemoteTestNG.java:77)
]]>
    </failure>
  </testcase> <!-- editBranchDetails -->
</testsuite> <!-- com.myproject.automationframework.tests.EntitiesBranchTest -->
